# highlight extracted from radar-capture-20260418-020525.log ts=[1776513465000..1776513540000]
1776513465069 3204 02dc
1776513465247 3204 02ec
1776513465356 3204 02fc
1776513465432 3204 0200
1776513465614 3204 0210
1776513465700 3204 0220
1776513465797 3204 0230
1776513465969 3204 0240
1776513466059 3204 0250
1776513466240 3204 0260
1776513466328 3204 0270
1776513466420 3204 0280
1776513466510 3204 068005000018
1776513466598 3204 0290
1776513466689 3204 02a0
1776513466871 3204 02b0
1776513466959 3204 02c0
1776513467048 3204 02d0
1776513467233 3204 02e0
1776513467324 3204 02f0
1776513467498 3204 0204
1776513467499 3204 060405000019
1776513467679 3204 0214
1776513467683 3204 0224
1776513467859 3204 0234
1776513467950 3204 0244
1776513468040 3204 0254
1776513468222 3204 0264
1776513468308 3204 0274
1776513468487 3204 0284
1776513468488 3204 06840500001c
1776513468582 3204 0294
1776513468668 3204 02a4
1776513468851 3204 02b4
1776513468938 3204 02c4
1776513469121 3204 02d4
1776513469209 3204 02e4
1776513469304 3204 02f4
1776513469479 3204 0208
1776513469480 3204 06080500001b
1776513469571 3204 0218
1776513469749 3204 0228
1776513470201 3204 0238
1776513470204 3204 0248
1776513470205 3204 0258
1776513470206 3204 0268
1776513470288 3204 0278
1776513470468 3204 0288
1776513470561 3204 0298
1776513470738 3204 02a8
1776513470835 3204 02b8
1776513470918 3204 02c8
1776513471098 3204 02d8
1776513471190 3204 02e8
1776513471367 3204 02f8
1776513471640 3204 020c
1776513471642 3204 060c0500001c
1776513471643 3204 021c
1776513471740 3204 022c
1776513471821 3204 023c
1776513471999 3204 024c
1776513472090 3204 025c
1776513472180 3204 026c
1776513472358 3204 027c
1776513472452 3204 028c
1776513472452 3204 068c0500001b
1776513472542 3204 029c
1776513472718 3204 02ac
1776513472808 3204 02bc
1776513472989 3204 02cc
1776513473168 3204 02dc
1776513473169 3204 02ec
1776513473355 3204 02fc
1776513473443 3204 0200
1776513473444 3204 06000500001a
1776513473620 3204 0210
1776513473709 3204 0220
1776513473802 3204 0230
1776513473989 3204 0240a717f8f7020000ff80
1776513474609 3204 0250a717f7d7020000ff80
1776513474610 3204 0260a717f6bf020000ff80
1776513474611 3204 0270a717f5c7020000ff80
1776513474697 3204 0280a717f267020000ff80
1776513474697 3204 06800500001c
1776513474699 3204 0290a717f147020000ff80
1776513474700 3204 02a0a717f12f020000ff80
1776513474792 3204 02b0a717f137020000ff80
1776513474969 3204 02c0a717f23f020000ff80
1776513475062 3204 02d0a717e9a7021007ff80
1776513475237 3204 02e0a717e9b7021007ff80
1776513475331 3204 02f0a717e8af021007ff80
1776513475422 3204 0204a717e79f021007ff80
1776513475515 3204 0604010000
1776513475600 3204 0214a717e797021007ff80
1776513475690 3204 0224a717e697021007ff80
1776513475965 3204 0234a717e58f021007ff80
1776513475966 3204 0244a717e47f021007ff80
1776513476048 3204 0254a717e477021007ff80
1776513476229 3204 0264a717e36f021007ff80
1776513476318 3204 0274a717e3970210070080
1776513476594 3204 0284a717e7b70210070080
1776513476598 3204 06840500001c
1776513476600 3204 0294a717ebaf0210070080
1776513476680 3204 02a4a717eebf0210070080
1776513476858 3204 02b4a717efc70210070080
1776513477219 3204 02c4a717f0c70210070080
1776513477222 3204 02d4a717efcf0210070080
1776513477222 3204 02e4a717ee870210070080
1776513477311 3204 02f4a717ed970210070080
1776513477669 3204 0208a717eda70210070080
1776513477672 3204 06080500001c
1776513477673 3204 0218a717eeaf0210070080
1776513477673 3204 0228a717efb70210070080
1776513477850 3204 0238a717efbf0210070080
1776513477942 3204 0248a717efbf0210070080
1776513478211 3204 0258a717edc70210070080
1776513478214 3204 0268a717edcf0210070080
1776513478298 3204 0278a717edd70210070080
1776513478481 3204 0288a717eedf0210070080
1776513478481 3204 068805000019
1776513478753 3204 0298a717efe70210070080
1776513478759 3204 02a8a717f0e70210070080
1776513478847 3204 02b8a717f1e70210070080
1776513478929 3204 02c8a717efe70210070080
1776513479198 3204 02d8a717eee70210070080
1776513479198 3204 02e8a717eddf0210070080
1776513479291 3204 02f8a717ece70210070080
1776513479471 3204 020ca717ecdf0210070080
1776513479472 3204 060c0500001b
1776513480019 3204 021ca717ecdf0210070080
1776513480020 3204 022ca717ece70210070080
1776513480020 3204 023ca717ecdf0210070080
1776513480021 3204 024ca717ebe70210070080
1776513480102 3204 025ca717ebdf0210070080
1776513480189 3204 026ca717ebdf0210070080
1776513480367 3204 027ca717ece70210070080
1776513480457 3204 028ca717eee70210070080
1776513480458 3204 068c0500001c
1776513480548 3204 029ca717efe70210070080
1776513480735 3204 02aca717efe70210070080
1776513481180 3204 02bca717efe70210070080
1776513481180 3204 02cca717ede70210070080
1776513481270 3204 02dca717ece70210070080
1776513481272 3204 02eca717ebef0210070080
1776513481449 3204 02fca717ebef0210070080
1776513481450 3204 0200a717ecf70210070080
1776513481453 3204 06000500001f
1776513481540 3204 0210a717ecf70210070080
1776513481731 3204 0220a717edef0210070080
1776513481812 3204 0230a717ecf70210070080
1776513481991 3204 0240a717ebf70210070080
1776513482080 3204 0250a717eaf70210070080
1776513482168 3204 0260a717e9f70210070080
1776513482353 3204 0270a717e7f70210070080
1776513482439 3204 0280a717e6ef0210070080
1776513482440 3204 06800500001d
1776513482618 3204 0290a717e5e70210070080
1776513482708 3204 02a0a717e4e70210070080
1776513482804 3204 02b0a717e4e70210070080
1776513483070 3204 02c0a717e4e70210070080
1776513483071 3204 02d0a717e4ef0210070080
1776513483250 3204 02e0a717e5ef0210070080
1776513483341 3204 02f0a717e6f70210070080
1776513483430 3204 0204a717e7f70210070080
1776513483521 3204 06040500001e
1776513483615 3204 0214a717e8f70210070080
1776513483699 3204 0224a717e8b70210070080
1776513483788 3204 0234a717e8bf0210070080
1776513483967 3204 0244a717e8bf0210070080
1776513484059 3204 0254a717e8cf0210070080
1776513484242 3204 0264a717e8d70210070080
1776513484332 3204 0274a717eae70210070080
1776513484420 3204 0284a717ebe70210070080
1776513484513 3204 06840500001e
1776513484689 3204 0294a717ecdf0210070080
1776513484690 3204 02a4a717ecdf0210070080
1776513484868 3204 02b4a717ecdf0210070080
1776513484983 3204 02c4a717ecdf0210070080
1776513485048 3204 02d4a717ecaf0210070080
1776513485228 3204 02e4a717ee6f021007ff80
1776513485409 3204 02f4a717ef77021007ff80
1776513485500 3204 0208a717f1770210070080
1776513485504 3204 06080500001a
1776513485588 3204 0218a717f177021007ff80
1776513485680 3204 0228a717f18f0210070080
1776513485865 3204 0238a717f097021007ff80
1776513485950 3204 0248a717ef9f0210070080
1776513486039 3204 0258a717ef67021007ff80
1776513486312 3204 0268a717ef7f0210070080
1776513486315 3204 0278a717f08f0210070080
1776513486490 3204 0288a717f1970210070080
1776513486491 3204 06880500001f
1776513486580 3204 0298a717f1970210070080
1776513486669 3204 02a8a717f19f0210070080
1776513486851 3204 02b8a717f1a70210070080
1776513486939 3204 02c8a717f29f0210070080
1776513487119 3204 02d8a717f3a70210070080b81abd27170000f080
1776513487208 3204 02e8a717f2670210070080b81abcdf160000f080
1776513487297 3204 02f8a717f2670210070080b81abcdf160000f080
1776513487481 3204 020ca717f26f0210070080b81abdb7160000f180
1776513487482 3204 060c05000023
1776513487571 3204 021ca717f2470210070080b81abf6f160000f180
1776513487749 3204 022ca717f2570210070080b81ac447160000f280
1776513487931 3204 023ca717f2570210070080b81ac82f160000f280
1776513487932 3204 024ca717f25f0210070080b81acfb7150000f280
1776513488110 3204 025ca717f26f0210070080b81ad57f151007f280
1776513488205 3204 026ca717f2770210070080b81ad847151007f280
1776513488293 3204 027ca717f1870210070080b81adbef141007f280
1776513488468 3204 028ca717ef8f0210070080b81adcaf141007f280
1776513488469 3204 068c05000027
1776513488566 3204 029ca717ec5f0210070080b81a0048141007f280
1776513488741 3204 02aca717eb2f0210070080b81a0010141007f280
1776513488841 3204 02bca717eb470210070080b81a00d0131007f280
1776513489099 3204 02cca717eb4f0210070080b81a0098131007f280
1776513489101 3204 02dca717eb570210070080b81a0058131007f280
1776513489282 3204 02eca717ea6f0210070080b81a00e8121007f280
1776513489370 3204 02fca717ea770210070080b81a00a8121007f280
1776513489548 3204 0200a717ea870210070080
1776513489550 3204 060005000023
1776513489550 3204 0210a717ea970210070180
1776513489727 3204 0220a717eaa70210070180
1776513489820 3204 0230a717eaaf0210070080
1776513490006 3204 0240a717e9b70210070180
1776513490177 3204 0250a717e7c70210070180
1776513490178 3204 0260a717e6c70210070080
1776513490363 3204 0270a717e5cf0210070080
1776513490452 3204 0280a717e4d70210070080
1776513490454 3204 068005000020
1776513490541 3204 0290a717e4ef0210070180
1776513490718 3204 02a0a717e4ff021007ff80
1776513490812 3204 02b0a717e3ff0210070080
1776513490990 3204 02c0a717e3070310070080
1776513491169 3204 02d0a717e40f0310070080
1776513491171 3204 02e0a717e5070310070080
1776513491353 3204 02f0a717e50f0310070080
1776513491440 3204 0204a717e50f0310070080
1776513491531 3204 06040500001e
1776513491625 3204 0214a717e7170310070080
1776513491798 3204 0224a717e9170310070080
1776513491799 3204 0234a717ea170310070080
1776513491979 3204 0244a717e90f0310070080
1776513492071 3204 0254a717e6070310070080
1776513492253 3204 0264a717e50f0310070080
1776513492340 3204 0274a717e60f0310070080
1776513492431 3204 0284a717ea170310070080
1776513492521 3204 06840500001f
1776513492608 3204 0294a717ed0f0310070080
1776513492794 3204 02a4a717ef070310070080
1776513492795 3204 02b4a717f0070310070080
1776513492972 3204 02c4a717f2ff021007ff80
1776513493060 3204 02d4a717f2f7021007ff80
1776513493241 3204 02e4a717f3ef021007ff80
1776513493428 3204 02f4a717f3ef021007ff80
1776513493429 3204 0208a717f4f7021007ff80
1776513493516 3204 06080500001d
1776513493597 3204 0218a717f5ef021007ff80
1776513493690 3204 0228a717f5e7021007ff80
1776513493870 3204 0238a717f4e7021007fe80
1776513493960 3204 0248a717f4df021007ff80
1776513494050 3204 0258a717f5d7021007fe80
1776513494234 3204 0268a717f4cf021007fe80
1776513494413 3204 0278a717f4cf021007fe80
1776513494500 3204 0288a717f4bf021007fe80
1776513494501 3204 06880500001d
1776513494589 3204 0298a717f4bf021007fe80
1776513494680 3204 02a8a717f3b7021007fe80
1776513494860 3204 02b8a717f3b7021007fe80c024f3b7060000da80
1776513495041 3204 02c8a717f4a7021007ff80c024f4df050000da80
1776513495043 3204 02d8a717f59f021007ff80c024f4ef040000da80
1776513495220 3204 02e8a717f697021007ff80c024f557040000da80
1776513495310 3204 02f8a717f797021007ff80c024f5bf030000da80
1776513495489 3204 020ca717f84f021007ff80c024f5df020000da80
1776513495490 3204 060c0500001f
1776513495581 3204 021ca717f94f021007ff80c024f58f020000da80
1776513495668 3204 022ca717f95f021007ff80c0240058010000da80
1776513495851 3204 023ca717f95f021007ff80c02400b0011007da80
1776513496030 3204 024ca717f867021007ff80c0240080001007da80
1776513496121 3204 025ca717f867021007fe80c0240098ff1007da80
1776513496209 3204 026ca717f85f021007fe80
1776513496301 3204 027ca717f857021007fe80
1776513496481 3204 028ca717f73f021007fe80
1776513496483 3204 068c05000020
1776513496659 3204 029ca717f73f021007fe80
1776513496752 3204 02aca724f72f021007fd80
1776513496840 3204 02bca724f727021007fd80
1776513497021 3204 02cca724f7e7011007fe80
1776513497111 3204 02dca724f8df011007fd80
1776513497201 3204 02eca724fadf011007fd80
1776513497289 3204 02fca72406d8011007fd80
1776513497473 3204 0200a72409b0011007fd80
1776513497478 3204 060005000020
1776513497650 3204 0210a7240ca0011007fc80
1776513497738 3204 0220a7240e88011007fc80
1776513497833 3204 0230a7241168011007fc80
1776513497919 3204 0240a7241448011007fb80
1776513498099 3204 0250a7241648011007fc80
1776513498279 3204 0260a7241638011007fb80
1776513498369 3204 0270a7241628011007fb80
1776513498460 3204 0280a7241608011007fb80
1776513498464 3204 06800500001f
1776513498550 3204 0290a72418e8001007fb80
1776513498733 3204 02a0a72418d8001007fb80
1776513498822 3204 02b0a72419c0001007fb80
1776513499002 3204 02c0a7241aa8001007fa80
1776513499090 3204 02d0a7241b88001007fa80
1776513499269 3204 02e0a7241c78001007fa80
1776513499360 3204 02f0a7241d60001007fa80
1776513499451 3204 0204a7241e50001007fa80
1776513499452 3204 06040500001e
1776513499542 3204 0214a7241f30001007fa80
1776513499720 3204 0224a7242020001007fa80
1776513499910 3204 0234a7242108001007fa80
1776513499989 3204 0244a72422f0ff1007fa80
1776513500081 3204 0254a72423c8ff1007fa80
1776513500170 3204 0264a72424b0ff1007fa80
1776513500350 3204 0274a7242598ff1007fa80
1776513500445 3204 0284a7242580ff1007fa80
1776513500446 3204 068405000020
1776513500619 3204 0294
1776513500709 3204 02a4
1776513500890 3204 02b4
1776513500980 3204 02c4
1776513501068 3204 02d4
1776513501254 3204 02e4
1776513501339 3204 02f4
1776513501520 3204 0208
1776513501521 3204 06080500001f
1776513501611 3204 0218
1776513501700 3204 0228
1776513501788 3204 0238
1776513501984 3204 0248
1776513502060 3204 0258
1776513502242 3204 0268
1776513502329 3204 0278
1776513502509 3204 0288
1776513502510 3204 06880500001f
1776513502609 3204 0298
1776513502706 3204 02a8
1776513502868 3204 02b8
1776513502959 3204 02c8ce1af4ff1e0000fb80
1776513503141 3204 02d8ce1af0ff1e0000fb80
1776513503232 3204 02e8ce1af4d71e0000fb80
1776513503319 3204 02f8ce1af4c71e0000fb80
1776513503499 3204 020cce1af2a71e0000fb80
1776513503499 3204 060c05000020
1776513503590 3204 021cce1af18f1e0000fb80
1776513503679 3204 022cce1af55f1e0000fb80
1776513503860 3204 023cce1aff0f1e0000fa80
1776513503949 3204 024cce1a02901e1007fa80
1776513504134 3204 025cce1a0c701e1007fa80
1776513504221 3204 026cce1a13481e1007fa80
1776513504310 3204 027cce1a15301e1007fa80
1776513504492 3204 028cce1a1e201e1007f980
1776513504494 3204 068c0500001f
1776513504585 3204 029cce1a33101e1007f880
1776513504848 3204 02acce1a69d01d1007f780
1776513504849 3204 02bcce1a77c81d1007f880
1776513504939 3204 02ccce1a79c01d1007f880
1776513505118 3204 02dcce1a75901d1007f880
1776513505209 3204 02ecce1a6c701d1007f880
1776513505300 3204 02fcce1a69501d1007f880
1776513505484 3204 0200ce1a6a301d1007f880
1776513505485 3204 06000500001f
1776513505569 3204 0210ce1a6e081d1007f880
1776513505748 3204 0220ce1a79c81c1007f880
1776513505845 3204 0230ce1a7ea81c1007f880
1776513505928 3204 0240ce1a84881c1007f880
1776513506122 3204 0250ce1a8c581c1007f880
1776513506205 3204 0260ce1a94281c1007f880
1776513506382 3204 0270ce1a99081c1007f880
1776513506470 3204 0280ce1a9ee81b1007f880cf10859f0f0000f980
1776513506472 3204 06800500001e
1776513506565 3204 0290ce1aa6b81b1007f880cf10877f0f0000f980
1776513506741 3204 02a0ce1aae801b1007f880cf108a5f0f0000fa80
1776513506829 3204 02b0ce1ab3601b1007f880cf108d470f0000fa80
1776513506919 3204 02c0ce1abb301b1007f880cf10920f0f0000fa80
1776513507106 3204 02d0ce1ac0101b1007f880cf1094ff0e0000fa80
1776513507189 3204 02e0ce1ac8e01a1007f880cf1099df0e0000fa80
1776513507374 3204 02f0ce1acec01a1007f880cf109ccf0e0000fa80
1776513507467 3204 0204ce1ad3a01a1007f880cf1098470f1007fa80
1776513507551 3204 0214ce1adb701a1007f880cf109f370f1007fa80
1776513507732 3204 0224ce1ae3381a1007f880cf1aa80f0f1007fa80
1776513507819 3204 0234ce1ae8181a1007f880cf1aad070f1007fa80
1776513508001 3204 0244ce1aebf8191007f880cf1ab3f70e1007fa80
1776513508089 3204 0254cf1abbc70e1007fa80
1776513508181 3204 0264cf1ac5970e1007fa80d51acbc0180000f780
1776513508368 3204 0274cf1acd8f0e1007fb80d51ac8b0180000f880
1776513508455 3204 0284cf1ad6770e1007fa80d51ac590180000f880
1776513508467 3204 06840500001d
1776513508635 3204 0294cf1ae4470e1007fa80d51ac360180000f880
1776513508720 3204 02a4cf1aef170e1007fa80d51abe48180000f980
1776513508811 3204 02b4cf1af5f70d1007fa80d51ab628180000f980
1776513509015 3204 02c4cf1afadf0d1007fa80d51aad10180000f980
1776513509087 3204 02d4cf1affcf0d1007fa80d51aa0e8170000f980
1776513509168 3204 02e4cf1a01800d1007f980d51a9e48170000f880
1776513509354 3204 02f4cf1a05680d1007f980d51aabc8171007f880
1776513509440 3204 0208cf1a08500d1007f980d51ab0a8171007f880
1776513509442 3204 060805000023
1776513509620 3204 0218cf1a0b300d1007f980d51abf50171007f680
1776513509708 3204 0228cf1a0ce80c1007fa80d51acd10171007f680
1776513509805 3204 0238cf1a0cd00c1007fa80d51ad5e8161007f780
1776513509982 3204 0248cf1a0cb80c1007fa80d51ad3c8161007f780
1776513510071 3204 0258cf1a0ba80c1007fa80d51ad1a0161007f780
1776513510259 3204 0268cf1a07880c1007fa80d51acf58161007f780
1776513510343 3204 0278cf1a04380c1007fa80d51acf30161007f780
1776513510439 3204 0288cf1a01280c1007fa80d51acf10161007f780
1776513510612 3204 068805000027
1776513510616 3204 0298cf1a01100c1007fa80d51ad0d8151007f780
1776513510700 3204 02a8cf1afff70b1007fa80d51ad198151007f780
1776513510793 3204 02b8cf1afce70b1007fb80d51ad178151007f780
1776513510970 3204 02c8cf1af9bf0b1007fa80d51ad250151007f780
1776513511058 3204 02d8cf1af5970b1007fa80d51ad318151007f780
1776513511240 3204 02e8cf1af2770b1007fa80d51ad4e0141007f780
1776513511328 3204 02f8cf1aef670b1007fa80d51ad4b8141007f780
1776513511419 3204 020ccf1aee4f0b1007fa80d51ad590141007f780
1776513511508 3204 060c05000028
1776513511598 3204 021ccf1aeb3f0b1007fa80d51ad658141007f780
1776513511691 3204 022ccf1ae6ef0a1007fa80d51ad720141007f780
1776513511871 3204 023ccf1ae2d70a1007fa80d51ad7f8131007f780
1776513511960 3204 024ccf1adebf0a1007fa80d51ad8d8131007f780
1776513512049 3204 025ccf1adba70a1007fa80d51ad8b0131007f780
1776513512235 3204 026ccf1ad27f0a1007f980d51a0068131007f780
1776513512319 3204 027ccf1acc5f0a1007f980
1776513512510 3204 028ccf1ac8470a1007f980
1776513512511 3204 068c05000024
1776513512591 3204 029ccf1ac73f0a1007fa80
1776513512679 3204 02accf1ac60f0a1007fa80
1776513512875 3204 02bccf1ac5d7091007f980
1776513512952 3204 02cccf1ac3b7091007fa80
1776513513049 3204 02dccf1ac08f091007f980
1776513513224 3204 02eccf1abb3f091007f980
1776513513309 3204 02fccf1ab81f091007f980
1776513513497 3204 0200cf1ab50f091007f980
1776513513504 3204 060005000020
1776513514032 3204 0210cf1ab4f7081007f980
1776513514036 3204 0220cf1ab8e7081007fa80
1776513514038 3204 0230cf1abad7081007fa80
1776513514039 3204 0240cf1abdb7081007fa80
1776513514121 3204 0250cf1ac08f081007fb80
1776513514209 3204 0260cf1ac467081007fb80
1776513514304 3204 0270cf1ac65f081007fb80
1776513514481 3204 0280cf1ac94f081007fb80
1776513514482 3204 06800500001f
1776513514571 3204 0290cf1ace3f081007fb80
1776513514749 3204 02a0cf1ad117081007fb80
1776513515032 3204 02b0cf1ad2ef071007fb80
1776513515037 3204 02c0cf1ad2e7071007fb80
1776513515115 3204 02d0cf1ad3cf071007fb80
1776513515202 3204 02e0cf1ad5c7071007fc80
1776513515290 3204 02f0cf1adc9f071007fc80
1776513515470 3204 0204cf1ae17f071007fc80
1776513515471 3204 06040500001f
1776513515559 3204 0214cf1ae667071007fc80
1776513515744 3204 0224cf1aea4f071007fc80
1776513515833 3204 0234cf1aec37071007fc80
1776513515929 3204 0244cf1aeb0f071007fc80
1776513516099 3204 0254cf1aedef061007fc80
1776513516191 3204 0264cf1aedbf061007fc80
1776513516381 3204 0274cf1aedaf061007fc80
1776513516551 3204 0284cf1aed9f061007fc80
1776513516553 3204 06840500001e
1776513516553 3204 0294cf1aec97061007fc80
1776513516733 3204 02a4cf1aeb87061007fd80
1776513516818 3204 02b4cf1aea7f061007fc80
1776513517092 3204 02c4cf1ae85f061007fc80
1776513517093 3204 02d4cf1ae747061007fd80
1776513517179 3204 02e4cf1ae837061007fd80
1776513517363 3204 02f4cf1aeb1f061007fd80
1776513517720 3204 0208cf1aecef051007fd80
1776513517720 3204 06080500001e
1776513517721 3204 0218cf1aecef051007fd80
1776513517722 3204 0228cf1aedef051007fd80
1776513517809 3204 0238cf1aeddf051007fd80
1776513517991 3204 0248cf1aecdf051007fd80
1776513518081 3204 0258cf1aecc7051007fe80
1776513518169 3204 0268cf1aeec7051007fe80
1776513518352 3204 0278cf1af09f051007fe80
1776513518438 3204 0288cf1af18f051007fe80
1776513518438 3204 06880500001e
1776513518717 3204 0298cf1af25f051007fe80
1776513518718 3204 02a8cf1af25f051007fe80
1776513518804 3204 02b8cf1af157051007fe80e11ab4670d0000fc80
1776513518980 3204 02c8cf1af14f051007fe80e11ab5570d0000fc80
1776513519521 3204 02d8cf1af14f051007fe80e11ab5470d0000fc80
1776513519523 3204 02e8cf1af14f051007fe80e11ab83f0d0000fc80
1776513519612 3204 02f8cf1af22f051007fe80e11ac0170d0000fc80
1776513519616 3204 020ccf1af117051007fe80e11ac2ef0c0000fc80
1776513519617 3204 060c05000020
1776513519618 3204 021ccf1af007051007fe80e11abecf0c0000fc80
1776513519698 3204 022ccf1aeef7041007fe80e11abba70c0000fc80
1776513519795 3204 023ccf1aecaf041007fe80e11ab0270d1007fb80
1776513519969 3204 024ccf1aebaf041007fe80e11ab10f0d1007fb80
1776513520059 3204 025ccf1aebb7041007ff80e11ab1ff0c1007fb80
1776513520330 3204 026ccf1aebbf041007ff80e11ab2df0c1007fb80
1776513520337 3204 027ccf1aebbf041007fe80e11ab2b70c1007fb80
1776513520422 3204 028ccf1aeabf041007fe80e11ab29f0c1007fb80
1776513520508 3204 068c0500001f
1776513520602 3204 029ccf1aeabf041007fe80e11ab3670c1007fa80
1776513520694 3204 00accf1ae9bf041007fe80e110af470c1007fa80
1776513520695 3204 02ace41afce72e0000e780
1776513520960 3204 00bccf1ae7b7041007fe80e110a71f0c1007fa80
1776513521049 3204 02bce41af73f2e0000e680
1776513521139 3204 00cccf1ae6b7041007fe80e110a3070c1007fa80
1776513521139 3204 02cce41a0ab02d0000e680
1776513521140 3204 00dccf1ae6b7041007ff80e110a2d70b1007fa80
1776513521140 3204 02dce41a05402d0000e680
1776513521228 3204 00eccf1ae7bf041007fe80e110a1af0b1007fa80
1776513521228 3204 02ece41a06982c0000e680
1776513521322 3204 00fccf1aea87041007fe80e110a3970b1007fa80
1776513521323 3204 02fce41afcef2b0000e680
1776513521502 3204 0000cf1aeb77041007ff80e110a47f0b1007fa80
1776513521504 3204 0200e41a02782b0000e780
1776513521505 3204 060005000020
1776513521590 3204 0010cf1aeb6f041007ff80e110a2470b1007fa80
1776513521591 3204 0210e41a03e82a0000e780
1776513521679 3204 0020cf1aea5f041007ff80e1109f3f0b1007fa80
1776513521680 3204 0220e41aff872a0000e780
1776513521950 3204 0030cf1aea4f041007ff80e1109c270b1007fb80
1776513522043 3204 0230e41af8e7290000e780
1776513522047 3204 0040cf1aea4f041007ff80e1109e170b1007fb80
1776513522132 3204 0240e41af787290000e780
1776513522222 3204 0050cf1aea4f041007ff80e1109f070b1007fb80
1776513522224 3204 0250e41af71f290000e780
1776513522224 3204 0060cf1aeb47041007ff80e110a1070b1007fb80
1776513522226 3204 0260e41af7b7280000e780
1776513522310 3204 0070cf1aed27041007ff80e110a2c70a1007fb80
1776513522311 3204 0270e41af6e7270000e780
1776513522586 3204 0080cf1aefef031007ff80e110a1b70a1007fb80
1776513522587 3204 0280e41af67f270000e780
1776513522588 3204 068005000020
1776513522589 3204 0090cf1af1e7031007ff80e1109f9f0a1007fb80
1776513522589 3204 0290e41af51f270000e780
1776513522673 3204 00a0cf1af3e7031007ff80e1109f970a1007fb80
1776513522680 3204 02a0e41af587260000e780
1776513522853 3204 00b0cf1af5e7031007ff80e110a48f0a1007fc80
1776513522858 3204 02b0e41af5e7250000e780
1776513522945 3204 00c0cf1af7ef031007ff80e110a8770a1007fc80
1776513522947 3204 02c0e41a0078250000e780
1776513523120 3204 00d0cf1af8ef031007ff80e110ab770a1007fc80
1776513523209 3204 02d0e41a0010250000e780
1776513523210 3204 00e0cf1af8ff031007ff80e110ad670a1007fc80
1776513523210 3204 02e0e41a0080240000e780
1776513523300 3204 00f0cf1af9d7031007ff80e110ae2f0a1007fc80
1776513523301 3204 02f0e41a00e0230000e780
1776513523571 3204 0004cf1afacf031007ff80e110ad1f0a1007fc80
1776513523574 3204 0204e41a0078230000e780
1776513523576 3204 06040500001f
1776513523578 3204 0014cf1afac7031007ff80e110ac070a1007fc80
1776513523659 3204 0214e41a0010230000e780
1776513523753 3204 0024cf1afacf031007ff80e110acf7091007fc80
1776513523757 3204 0224e41a0020231007e780
1776513523847 3204 0034cf1af8bf031007ff80e110aedf091007fc80
1776513523851 3204 0234e41a0080221007e780
1776513523931 3204 0044cf1af9bf031007ff80e110afd7091007fc80
1776513523934 3204 0244e41a0018221007e780
1776513524199 3204 0054cf1afab7031007ff80e110b1c7091007fc80
1776513524200 3204 0254e41a00b0211007e780
1776513524203 3204 0064cf1afc8f031007ff80e110b49f091007fc80
1776513524204 3204 0264e41a0018211007e780
1776513524301 3204 0274cf1afd7f031007ff80e11ab89f091007fd80
1776513524468 3204 0284cf1afd87031007ff80e11abb8f091007fd80
1776513524469 3204 06840500001e
1776513524652 3204 0294cf1afd97031007ff80e11abf8f091007fd80
1776513524739 3204 02a4cf1afc97031007ff80e11ac48f091007fd80
1776513524838 3204 02b4cf1afb9f031007ff80e11acd77091007fd80
1776513524925 3204 02c4cf1afca7031007ff80e11acf4f091007fd80
1776513525190 3204 02d4cf1afe7f031007ff80e11ad13f091007fd80
1776513525191 3204 02e4cf1a0248031007ff80e11ad61f091007fd80
1776513525373 3204 02f4cf1a0250031007ff80e11ae0ff081007fe80
1776513525460 3204 0208cf1a0258031007ff80e11ae3f7081007fe80
1776513525462 3204 06080500001f
1776513525563 3204 0218cf1afe67031007ff80e11ae7f7081007fe80
1776513525823 3204 0228cf1afd7f0310070080e11aedd7081007fe80
1776513525829 3204 0238cf1afe570310070080e11afbaf081007fd80
1776513526004 3204 0248cf1a03300310070080e11a0098081007fd80
1776513526089 3204 0258cf1a05400310070080e11a0980081007fd80
1776513526181 3204 0268cf1a07280310070080e11a1770081007fc80
1776513526367 3204 0278cf1a09180310070080e11a2458081007fc80
1776513526448 3204 0288cf1a09280310070080e11a2b48081007fc80
1776513526449 3204 06880500001e
1776513526543 3204 0298cf1a09380310070080e11a3140081007fc80
1776513526814 3204 02a8cf1a08500310070080e11a3830081007fc80
1776513526817 3204 02b8cf1a07600310070080e11a3d28081007fc80
1776513526990 3204 02c8cf1a06680310070080e11a4128081007fc80
1776513527085 3204 02d8cf1a05700310070080e11a4428081007fd80
1776513527171 3204 02e8cf1a03800310070080e11a4530081007fd80
1776513527439 3204 02f8cf1afc970310070080e11a4430081007fe80
1776513527441 3204 020ccf1afa4f0310070080e11a4440081007ff80
1776513527529 3204 060c0500001d
1776513527621 3204 021ccf1af81f0310070080e11a4338081007ff80
1776513527712 3204 022ccf1af72f0310070180e11a4148081007ff80
1776513527798 3204 023ccf1af56f0310070280e11a3d600810070080
1776513527979 3204 024ccf1af37f0310070280e11a39680810070080
1776513528071 3204 025ccf1af1970310070280e11a36700810070080
1776513528257 3204 026ccf1af0b70310070280e11a34700810070080
1776513528435 3204 027ccf1aeddf0310070280e11a34700810070080
1776513528436 3204 028ccf1aebef0310070280e11a35700810070080
1776513528518 3204 068c0500001b
1776513528615 3204 029ccf1aeaf70310070280e11a35700810070080
1776513528699 3204 02accf1ae9070410070280e11a35700810070080
1776513528789 3204 02bccf1ae61f0410070280e11a36700810070080
1776513529061 3204 02cccf1ae5270410070280e11a36700810070080
1776513529072 3204 02dccf1ae3370410070280e11a37700810070080
1776513529243 3204 02eccf1ae1470410070280e11a37700810070080
1776513529329 3204 02fccf1adf570410070280e11a38700810070080
1776513529427 3204 0200cf1ade5f0410070280e11a38700810070080
1776513529510 3204 06000500001c
1776513529599 3204 0210cf1adc6f0410070280e11a38700810070080
1776513529689 3204 0220cf1adb770410070280ea1a35400f0000f280
1776513529868 3204 0230ea1a37800e0000f280
1776513530051 3204 0240ea1a3a400e0000f280
1776513530052 3204 0250ea1a3e300e0000f480
1776513530231 3204 0260ea1a3e000e0000f480
1776513530331 3204 0270ea1a39a80d0000f580
1776513530498 3204 0280ea1a39a80d0000f580
1776513530499 3204 06800500001b
1776513530769 3204 0290ea1a3a300d0000f680
1776513530769 3204 02a0ea1a40a80d1007f680
1776513530857 3204 02b0ea1a3b800d1007f780
1776513530954 3204 02c0ea1a37580d1007f780
1776513531040 3204 02d0ea1a32580d1007f880
1776513531224 3204 02e0ea1a2b380d1007f880
1776513531310 3204 02f0ea1a22180d1007f880
1776513531489 3204 0204ea1a1d000d1007f880
1776513531493 3204 06040500001b
1776513531669 3204 0214ea1a15e00c1007f880
1776513531672 3204 0224ea1a07b80c1007f880
1776513531851 3204 0234ea1aff770c1007f880
1776513531943 3204 0244ea1af86f0c1007f880
1776513532118 3204 0254ea1af23f0c1007f880
1776513532299 3204 0264ea1aee0f0c1007f880
1776513532300 3204 0274ea1aeaaf0b1007f780
1776513532480 3204 0284ea1ae98f0b1007f780
1776513532482 3204 06840500001c
1776513532573 3204 0294ea1ae76f0b1007f680
1776513532747 3204 02a4ea1ae32f0b1007f680
1776513532929 3204 02b4ea1adedf0a1007f580
1776513532929 3204 02c4ea1adbbf0a1007f580
1776513533108 3204 02d4ea1ad99f0a1007f580
1776513533384 3204 02e4ea1ad95f0a1007f480
1776513533386 3204 02f4ea1adcff091007f280
1776513533468 3204 0208ea1adec7091007f280
1776513533469 3204 06080500001b
1776513533561 3204 0218ea1ae097091007f180
1776513533739 3204 0228ea1ae337091007f080
1776513533929 3204 0238ea1ae6c7081007ef80
1776513533932 3204 0248ea1ae887081007ef80
1776513534109 3204 0258ea1aeb17081007ee80
1776513534189 3204 0268ea1aece7071007ed80
1776513534457 3204 0278ea1af037071007ec80
1776513534457 3204 0288ea1af1df061007eb80
1776513534458 3204 068805000017
1776513534551 3204 0298ea1af18f061007ea80
1776513534739 3204 02a8ea1af30f061007ea80
1776513534908 3204 02b8ea1af47f051007e880
1776513534908 3204 02c8ea1af52f051007e880
1776513535089 3204 02d8ea1af8cf041007e880f017c3a70a0000ff80
1776513535180 3204 02e8ea1afc3f041007e780f017c49f0a0000fe80
1776513535361 3204 02f8ea1a0088031007e680f017c5870a0000fd80
1776513535541 3204 020cea1a0018031007e580f017c6770a0000fd80
1776513535542 3204 060c05000013
1776513535542 3204 021cea1a00a0021007e480f017c9670a0000fd80
1776513535721 3204 022cea1a0308021007e480f017cd470a0000fc80
1776513535808 3204 023cea1a0770011007e380f017d12f0a0000fb80
1776513535990 3204 024cea1a0a08011007e280f017d31f0a0000fa80
1776513536079 3204 025cea1a0e90001007e380f017cc8f0a1007fa80
1776513536170 3204 026cea1a1100001007e280f017d05f0a1007f980
1776513536351 3204 027cea1a1540ff1007e280f017d12f0a1007f880
1776513536529 3204 028cf017d30f0a1007f780
1776513536530 3204 068c05000010
1776513536621 3204 029cf017d6d7091007f780
1776513536708 3204 02acf017dab7091007f680
1776513536799 3204 02bcf017e067091007f580
1776513536980 3204 02ccf017e33f091007f580
1776513537167 3204 02dcf017e717091007f580
1776513537168 3204 02ecf017ecbf081007f480
1776513537338 3204 02fcf017f26f081007f480
1776513537427 3204 0200f017f647081007f480
1776513537517 3204 06000500000f
1776513537609 3204 0210f017fb07081007f380
1776513537700 3204 0220f0170cc0071007f380
1776513537788 3204 0230f0171268071007f380
1776513537975 3204 0240f0171540071007f380
1776513538149 3204 0250f01718f0061007f380
1776513538242 3204 0260f0171ba8061007f380
1776513538328 3204 0270f0171d50061007f380
1776513538422 3204 0280f0171e18061007f380
1776513538613 3204 0290f0171ef0051007f380
1776513538778 3204 02a0f0171bb0051007f380
1776513538868 3204 02b0f0171470051007f480
1776513538958 3204 02c0f0170e30051007f480
1776513539051 3204 02d0f01707f8041007f480
1776513539229 3204 02e0f017f5bf041007f480
1776513539416 3204 02f0f017f05f041007f480
1776513539422 3204 0204f017ec1f041007f580
1776513539498 3204 060405000011
1776513539589 3204 0214f017ece7031007f580
1776513539680 3204 0224f017eeaf031007f580
1776513539860 3204 0234f017f087031007f680
1776513539949 3204 0244f017f32f031007f680
